<?xml version="1.0" encoding="UTF-8"?>
<!-- Generated by org.testng.reporters.JUnitReportReporter -->
<testsuite hostname="DESKTOP-NNILPMS" failures="0" tests="1" name="Collections.FeedueValues" time="6.297" errors="0" timestamp="2023-06-01T18:38:24 IST" skipped="0">
  <testcase classname="Collections.FeedueValues" name="feedue" time="6.297"/>
  <system-out/>
</testsuite> <!-- Collections.FeedueValues -->
