<?xml version="1.0" encoding="UTF-8"?>
<!-- Generated by org.testng.reporters.JUnitReportReporter -->
<testsuite hostname="DESKTOP-NNILPMS" failures="0" tests="3" name="Learnings.Learning1" time="4.852" errors="0" timestamp="2023-03-14T16:25:30 IST" skipped="0">
  <testcase classname="Learnings.Learning1" name="test1" time="1.151"/>
  <system-out/>
  <testcase classname="Learnings.Learning1" name="test" time="3.234"/>
  <system-out/>
  <testcase classname="Learnings.Learning1" name="test2" time="0.467"/>
  <system-out/>
</testsuite> <!-- Learnings.Learning1 -->
