<?xml version="1.0" encoding="UTF-8"?>
<!-- Generated by org.testng.reporters.JUnitReportReporter -->
<testsuite hostname="DESKTOP-NNILPMS" failures="0" tests="1" name="Engrow.updatemobilenumber" time="8.172" errors="0" timestamp="2023-05-26T13:14:15 IST" skipped="0">
  <testcase classname="Engrow.updatemobilenumber" name="updateapplicant" time="8.172"/>
  <system-out/>
</testsuite> <!-- Engrow.updatemobilenumber -->
