<?xml version="1.0" encoding="UTF-8"?>
<!-- Generated by org.testng.reporters.JUnitReportReporter -->
<testsuite hostname="DESKTOP-NNILPMS" failures="0" tests="1" name="Learnings.POST_learning" time="3.833" errors="0" timestamp="2023-04-10T12:08:02 IST" skipped="0">
  <testcase classname="Learnings.POST_learning" name="createuser" time="3.833"/>
  <system-out/>
</testsuite> <!-- Learnings.POST_learning -->
