<?xml version="1.0" encoding="UTF-8"?>
<!-- Generated by org.testng.reporters.JUnitReportReporter -->
<testsuite hostname="DESKTOP-NNILPMS" failures="0" tests="1" name="Collections.get_user" time="4.397" errors="0" timestamp="2023-05-09T12:16:43 IST" skipped="0">
  <testcase classname="Collections.get_user" name="getuser" time="4.397"/>
  <system-out/>
</testsuite> <!-- Collections.get_user -->
