<?xml version="1.0" encoding="UTF-8"?>
<!-- Generated by org.testng.reporters.JUnitReportReporter -->
<testsuite hostname="DESKTOP-NNILPMS" failures="0" tests="1" name="Learnings.Put" time="4.139" errors="0" timestamp="2023-04-10T12:20:01 IST" skipped="0">
  <testcase classname="Learnings.Put" name="test1" time="4.139"/>
  <system-out/>
</testsuite> <!-- Learnings.Put -->
