<?xml version="1.0" encoding="UTF-8"?>
<!-- Generated by org.testng.reporters.JUnitReportReporter -->
<testsuite hostname="DESKTOP-NNILPMS" failures="0" tests="1" name="Learnings.rough" time="0.016" errors="0" timestamp="2023-04-10T11:32:14 IST" skipped="0">
  <testcase classname="Learnings.rough" name="hashcode" time="0.016"/>
  <system-out/>
</testsuite> <!-- Learnings.rough -->
