<?xml version="1.0" encoding="UTF-8"?>
<!-- Generated by org.testng.reporters.JUnitReportReporter -->
<testsuite hostname="DESKTOP-NNILPMS" failures="0" tests="1" name="Collections.Authority_token" time="3.736" errors="0" timestamp="2023-05-09T12:43:05 IST" skipped="0">
  <testcase classname="Collections.Authority_token" name="test" time="3.736"/>
  <system-out/>
</testsuite> <!-- Collections.Authority_token -->
