<?xml version="1.0" encoding="UTF-8"?>
<!-- Generated by org.testng.reporters.JUnitReportReporter -->
<testsuite hostname="DESKTOP-NNILPMS" failures="0" tests="1" name="Engrow.loanproposed" time="9.054" errors="0" timestamp="2023-05-16T15:52:34 IST" skipped="0">
  <testcase classname="Engrow.loanproposed" name="updateloanproposed" time="9.054"/>
  <system-out/>
</testsuite> <!-- Engrow.loanproposed -->
