<?xml version="1.0" encoding="UTF-8"?>
<!-- Generated by org.testng.reporters.JUnitReportReporter -->
<testsuite hostname="DESKTOP-NNILPMS" failures="0" tests="1" name="Learnings.GET_Learning" time="5.856" errors="0" timestamp="2023-04-15T17:33:39 IST" skipped="0">
  <testcase classname="Learnings.GET_Learning" name="test1" time="5.856"/>
  <system-out/>
</testsuite> <!-- Learnings.GET_Learning -->
