<?xml version="1.0" encoding="UTF-8"?>
<!-- Generated by org.testng.reporters.JUnitReportReporter -->
<testsuite hostname="DESKTOP-NNILPMS" failures="0" tests="1" name="Engrow.login_BearerKey" time="9.300" errors="0" timestamp="2023-05-09T15:21:12 IST" skipped="0">
  <testcase classname="Engrow.login_BearerKey" name="user" time="9.300"/>
  <system-out/>
</testsuite> <!-- Engrow.login_BearerKey -->
