<?xml version="1.0" encoding="UTF-8"?>
<!-- Generated by org.testng.reporters.JUnitReportReporter -->
<testsuite hostname="DESKTOP-NNILPMS" failures="0" tests="1" name="Learnings.Patch" time="3.351" errors="0" timestamp="2023-03-16T11:57:11 IST" skipped="0">
  <testcase classname="Learnings.Patch" name="test" time="3.351"/>
  <system-out/>
</testsuite> <!-- Learnings.Patch -->
