<?xml version="1.0" encoding="UTF-8"?>
<!-- Generated by org.testng.reporters.JUnitReportReporter -->
<testsuite hostname="DESKTOP-NNILPMS" failures="0" tests="1" name="Collections.clearlog" time="4.332" errors="0" timestamp="2023-05-09T12:49:41 IST" skipped="0">
  <testcase classname="Collections.clearlog" name="clear_log" time="4.332"/>
  <system-out/>
</testsuite> <!-- Collections.clearlog -->
