<?xml version="1.0" encoding="UTF-8"?>
<!-- Generated by org.testng.reporters.JUnitReportReporter -->
<testsuite hostname="DESKTOP-NNILPMS" failures="0" tests="1" name="Learnings.Delete" time="9.677" errors="0" timestamp="2023-03-16T12:02:46 IST" skipped="0">
  <testcase classname="Learnings.Delete" name="test" time="9.677"/>
  <system-out/>
</testsuite> <!-- Learnings.Delete -->
