<?xml version="1.0" encoding="UTF-8"?>
<!-- Generated by org.testng.reporters.JUnitReportReporter -->
<testsuite hostname="DESKTOP-NNILPMS" failures="0" tests="1" name="Collections.BranchCreation" time="4.006" errors="0" timestamp="2023-05-24T14:59:54 IST" skipped="0">
  <testcase classname="Collections.BranchCreation" name="branch_creation" time="4.006"/>
  <system-out/>
</testsuite> <!-- Collections.BranchCreation -->
